<?xml version="1.0" encoding="UTF-8"?>
<!-- Generated by org.testng.reporters.JUnitXMLReporter -->
<testsuite ignored="2" hostname="DESKTOP-GT0HAMU" failures="1" tests="1" name="Error Validations Test" time="14.282" errors="0" timestamp="2025-06-04T17:30:51 IST">
  <testcase classname="V.TemplateSelFramewrk.tests.ErrorValidationsTest" name="LoginErrorValidation" time="2.354">
    <failure type="java.lang.AssertionError" message="expected [Login Successfully] but found [Incorrect email or password.]">
      <![CDATA[java.lang.AssertionError: expected [Login Successfully] but found [Incorrect email or password.]
at V.TemplateSelFramewrk.tests.ErrorValidationsTest.LoginErrorValidation(ErrorValidationsTest.java:23)
at java.base/java.util.ArrayList.forEach(ArrayList.java:1511)
at java.base/java.util.concurrent.FutureTask.run(FutureTask.java:264)
at java.base/java.util.concurrent.ThreadPoolExecutor.runWorker(ThreadPoolExecutor.java:1136)
at java.base/java.util.concurrent.ThreadPoolExecutor$Worker.run(ThreadPoolExecutor.java:635)
at java.base/java.lang.Thread.run(Thread.java:840)
... Removed 23 stack frames]]>
    </failure>
  </testcase> <!-- LoginErrorValidation -->
  <testcase classname="V.TemplateSelFramewrk.tests.ErrorValidationsTest" name="ProductErrorValidation" time="0.0">
    <ignored/>
  </testcase> <!-- ProductErrorValidation -->
  <testcase classname="V.TemplateSelFramewrk.tests.ErrorValidationsTest" name="ProductErrorValidation1" time="0.0">
    <ignored/>
  </testcase> <!-- ProductErrorValidation1 -->
</testsuite> <!-- Error Validations Test -->
