<?xml version="1.0" encoding="UTF-8"?>
<!-- Generated by org.testng.reporters.JUnitXMLReporter -->
<testsuite ignored="0" hostname="DESKTOP-GT0HAMU" failures="1" tests="3" name="Error Validation Test" time="66.698" errors="0" timestamp="2025-06-05T13:29:31 IST">
  <testcase classname="V.TemplateSelFramewrk.tests.ErrorValidationsTest" name="LoginErrorValidation" time="1.545">
    <skipped/>
  </testcase> <!-- LoginErrorValidation -->
  <testcase classname="V.TemplateSelFramewrk.tests.ErrorValidationsTest" name="LoginErrorValidation" time="2.13">
    <failure type="java.lang.AssertionError" message="expected [Login Successfully] but found [Incorrect email or password.]">
      <![CDATA[java.lang.AssertionError: expected [Login Successfully] but found [Incorrect email or password.]
at V.TemplateSelFramewrk.tests.ErrorValidationsTest.LoginErrorValidation(ErrorValidationsTest.java:26)
at java.base/java.util.ArrayList.forEach(ArrayList.java:1597)
at java.base/java.util.concurrent.FutureTask.run(FutureTask.java:317)
at java.base/java.util.concurrent.ThreadPoolExecutor.runWorker(ThreadPoolExecutor.java:1144)
at java.base/java.util.concurrent.ThreadPoolExecutor$Worker.run(ThreadPoolExecutor.java:642)
at java.base/java.lang.Thread.run(Thread.java:1570)
... Removed 21 stack frames]]>
    </failure>
  </testcase> <!-- LoginErrorValidation -->
  <testcase classname="V.TemplateSelFramewrk.tests.ErrorValidationsTest" name="ProductErrorValidation" time="24.46"/>
</testsuite> <!-- Error Validation Test -->
